peatio:amqp:notification: process with pid 13674 started.
I, [2017-12-11T17:25:36.741532 #13674]  INFO -- : Connected to AMQP broker (prefetch: default)
I, [2017-12-11T22:48:49.675807 #13674]  INFO -- : Received: {"mailer_class":"TicketMailer","method":"author_notification","args":[1],"locale":"en"}
F, [2017-12-11T22:48:51.209107 #13674] FATAL -- : getaddrinfo: Servname not supported for ai_socktype (SocketError)
/home/deploy/.rbenv/versions/2.2.2/lib/ruby/2.2.0/net/smtp.rb:541:in `initialize'
/home/deploy/.rbenv/versions/2.2.2/lib/ruby/2.2.0/net/smtp.rb:541:in `open'
/home/deploy/.rbenv/versions/2.2.2/lib/ruby/2.2.0/net/smtp.rb:541:in `tcp_socket'
/home/deploy/.rbenv/versions/2.2.2/lib/ruby/2.2.0/net/smtp.rb:551:in `block in do_start'
/home/deploy/.rbenv/versions/2.2.2/lib/ruby/2.2.0/timeout.rb:89:in `block in timeout'
/home/deploy/.rbenv/versions/2.2.2/lib/ruby/2.2.0/timeout.rb:99:in `call'
/home/deploy/.rbenv/versions/2.2.2/lib/ruby/2.2.0/timeout.rb:99:in `timeout'
/home/deploy/.rbenv/versions/2.2.2/lib/ruby/2.2.0/net/smtp.rb:550:in `do_start'
/home/deploy/.rbenv/versions/2.2.2/lib/ruby/2.2.0/net/smtp.rb:520:in `start'
/home/deploy/peatio/current/vendor/bundle/ruby/2.2.0/gems/mail-2.6.3/lib/mail/network/delivery_methods/smtp.rb:112:in `deliver!'
/home/deploy/peatio/current/vendor/bundle/ruby/2.2.0/gems/mail-2.6.3/lib/mail/message.rb:2141:in `do_delivery'
/home/deploy/peatio/current/vendor/bundle/ruby/2.2.0/gems/mail-2.6.3/lib/mail/message.rb:236:in `block in deliver'
/home/deploy/peatio/current/vendor/bundle/ruby/2.2.0/gems/actionmailer-4.0.12/lib/action_mailer/base.rb:456:in `block in deliver_mail'
/home/deploy/peatio/current/vendor/bundle/ruby/2.2.0/gems/activesupport-4.0.12/lib/active_support/notifications.rb:159:in `block in instrument'
/home/deploy/peatio/current/vendor/bundle/ruby/2.2.0/gems/activesupport-4.0.12/lib/active_support/notifications/instrumenter.rb:20:in `instrument'
/home/deploy/peatio/current/vendor/bundle/ruby/2.2.0/gems/activesupport-4.0.12/lib/active_support/notifications.rb:159:in `instrument'
/home/deploy/peatio/current/vendor/bundle/ruby/2.2.0/gems/actionmailer-4.0.12/lib/action_mailer/base.rb:454:in `deliver_mail'
/home/deploy/peatio/current/vendor/bundle/ruby/2.2.0/gems/mail-2.6.3/lib/mail/message.rb:236:in `deliver'
/home/deploy/peatio/current/app/models/worker/email_notification.rb:13:in `process'
/home/deploy/peatio/current/lib/daemons/amqp_daemon.rb:61:in `block (2 levels) in <top (required)>'
/home/deploy/peatio/current/vendor/bundle/ruby/2.2.0/gems/bunny-1.2.1/lib/bunny/consumer.rb:56:in `call'
/home/deploy/peatio/current/vendor/bundle/ruby/2.2.0/gems/bunny-1.2.1/lib/bunny/consumer.rb:56:in `call'
/home/deploy/peatio/current/vendor/bundle/ruby/2.2.0/gems/bunny-1.2.1/lib/bunny/channel.rb:1672:in `block in handle_frameset'
/home/deploy/peatio/current/vendor/bundle/ruby/2.2.0/gems/bunny-1.2.1/lib/bunny/consumer_work_pool.rb:84:in `call'
/home/deploy/peatio/current/vendor/bundle/ruby/2.2.0/gems/bunny-1.2.1/lib/bunny/consumer_work_pool.rb:84:in `block (2 levels) in run_loop'
/home/deploy/peatio/current/vendor/bundle/ruby/2.2.0/gems/bunny-1.2.1/lib/bunny/consumer_work_pool.rb:80:in `loop'
/home/deploy/peatio/current/vendor/bundle/ruby/2.2.0/gems/bunny-1.2.1/lib/bunny/consumer_work_pool.rb:80:in `block in run_loop'
/home/deploy/peatio/current/vendor/bundle/ruby/2.2.0/gems/bunny-1.2.1/lib/bunny/consumer_work_pool.rb:79:in `catch'
/home/deploy/peatio/current/vendor/bundle/ruby/2.2.0/gems/bunny-1.2.1/lib/bunny/consumer_work_pool.rb:79:in `run_loop'
F, [2017-12-11T22:48:51.209166 #13674] FATAL -- : /home/deploy/.rbenv/versions/2.2.2/lib/ruby/2.2.0/net/smtp.rb:541:in `initialize'
/home/deploy/.rbenv/versions/2.2.2/lib/ruby/2.2.0/net/smtp.rb:541:in `open'
/home/deploy/.rbenv/versions/2.2.2/lib/ruby/2.2.0/net/smtp.rb:541:in `tcp_socket'
/home/deploy/.rbenv/versions/2.2.2/lib/ruby/2.2.0/net/smtp.rb:551:in `block in do_start'
/home/deploy/.rbenv/versions/2.2.2/lib/ruby/2.2.0/timeout.rb:89:in `block in timeout'
/home/deploy/.rbenv/versions/2.2.2/lib/ruby/2.2.0/timeout.rb:99:in `call'
/home/deploy/.rbenv/versions/2.2.2/lib/ruby/2.2.0/timeout.rb:99:in `timeout'
/home/deploy/.rbenv/versions/2.2.2/lib/ruby/2.2.0/net/smtp.rb:550:in `do_start'
/home/deploy/.rbenv/versions/2.2.2/lib/ruby/2.2.0/net/smtp.rb:520:in `start'
/home/deploy/peatio/current/vendor/bundle/ruby/2.2.0/gems/mail-2.6.3/lib/mail/network/delivery_methods/smtp.rb:112:in `deliver!'
/home/deploy/peatio/current/vendor/bundle/ruby/2.2.0/gems/mail-2.6.3/lib/mail/message.rb:2141:in `do_delivery'
/home/deploy/peatio/current/vendor/bundle/ruby/2.2.0/gems/mail-2.6.3/lib/mail/message.rb:236:in `block in deliver'
/home/deploy/peatio/current/vendor/bundle/ruby/2.2.0/gems/actionmailer-4.0.12/lib/action_mailer/base.rb:456:in `block in deliver_mail'
/home/deploy/peatio/current/vendor/bundle/ruby/2.2.0/gems/activesupport-4.0.12/lib/active_support/notifications.rb:159:in `block in instrument'
/home/deploy/peatio/current/vendor/bundle/ruby/2.2.0/gems/activesupport-4.0.12/lib/active_support/notifications/instrumenter.rb:20:in `instrument'
/home/deploy/peatio/current/vendor/bundle/ruby/2.2.0/gems/activesupport-4.0.12/lib/active_support/notifications.rb:159:in `instrument'
/home/deploy/peatio/current/vendor/bundle/ruby/2.2.0/gems/actionmailer-4.0.12/lib/action_mailer/base.rb:454:in `deliver_mail'
/home/deploy/peatio/current/vendor/bundle/ruby/2.2.0/gems/mail-2.6.3/lib/mail/message.rb:236:in `deliver'
/home/deploy/peatio/current/app/models/worker/email_notification.rb:13:in `process'
/home/deploy/peatio/current/lib/daemons/amqp_daemon.rb:61:in `block (2 levels) in <top (required)>'
/home/deploy/peatio/current/vendor/bundle/ruby/2.2.0/gems/bunny-1.2.1/lib/bunny/consumer.rb:56:in `call'
/home/deploy/peatio/current/vendor/bundle/ruby/2.2.0/gems/bunny-1.2.1/lib/bunny/consumer.rb:56:in `call'
/home/deploy/peatio/current/vendor/bundle/ruby/2.2.0/gems/bunny-1.2.1/lib/bunny/channel.rb:1672:in `block in handle_frameset'
/home/deploy/peatio/current/vendor/bundle/ruby/2.2.0/gems/bunny-1.2.1/lib/bunny/consumer_work_pool.rb:84:in `call'
/home/deploy/peatio/current/vendor/bundle/ruby/2.2.0/gems/bunny-1.2.1/lib/bunny/consumer_work_pool.rb:84:in `block (2 levels) in run_loop'
/home/deploy/peatio/current/vendor/bundle/ruby/2.2.0/gems/bunny-1.2.1/lib/bunny/consumer_work_pool.rb:80:in `loop'
/home/deploy/peatio/current/vendor/bundle/ruby/2.2.0/gems/bunny-1.2.1/lib/bunny/consumer_work_pool.rb:80:in `block in run_loop'
/home/deploy/peatio/current/vendor/bundle/ruby/2.2.0/gems/bunny-1.2.1/lib/bunny/consumer_work_pool.rb:79:in `catch'
/home/deploy/peatio/current/vendor/bundle/ruby/2.2.0/gems/bunny-1.2.1/lib/bunny/consumer_work_pool.rb:79:in `run_loop'
I, [2017-12-12T00:09:48.519005 #13674]  INFO -- : Received: {"mailer_class":"MemberMailer","method":"notify_signin","args":[1],"locale":"en"}
F, [2017-12-12T00:09:49.042048 #13674] FATAL -- : getaddrinfo: Servname not supported for ai_socktype (SocketError)
/home/deploy/.rbenv/versions/2.2.2/lib/ruby/2.2.0/net/smtp.rb:541:in `initialize'
/home/deploy/.rbenv/versions/2.2.2/lib/ruby/2.2.0/net/smtp.rb:541:in `open'
/home/deploy/.rbenv/versions/2.2.2/lib/ruby/2.2.0/net/smtp.rb:541:in `tcp_socket'
/home/deploy/.rbenv/versions/2.2.2/lib/ruby/2.2.0/net/smtp.rb:551:in `block in do_start'
/home/deploy/.rbenv/versions/2.2.2/lib/ruby/2.2.0/timeout.rb:89:in `block in timeout'
/home/deploy/.rbenv/versions/2.2.2/lib/ruby/2.2.0/timeout.rb:99:in `call'
/home/deploy/.rbenv/versions/2.2.2/lib/ruby/2.2.0/timeout.rb:99:in `timeout'
/home/deploy/.rbenv/versions/2.2.2/lib/ruby/2.2.0/net/smtp.rb:550:in `do_start'
/home/deploy/.rbenv/versions/2.2.2/lib/ruby/2.2.0/net/smtp.rb:520:in `start'
/home/deploy/peatio/current/vendor/bundle/ruby/2.2.0/gems/mail-2.6.3/lib/mail/network/delivery_methods/smtp.rb:112:in `deliver!'
/home/deploy/peatio/current/vendor/bundle/ruby/2.2.0/gems/mail-2.6.3/lib/mail/message.rb:2141:in `do_delivery'
/home/deploy/peatio/current/vendor/bundle/ruby/2.2.0/gems/mail-2.6.3/lib/mail/message.rb:236:in `block in deliver'
/home/deploy/peatio/current/vendor/bundle/ruby/2.2.0/gems/actionmailer-4.0.12/lib/action_mailer/base.rb:456:in `block in deliver_mail'
/home/deploy/peatio/current/vendor/bundle/ruby/2.2.0/gems/activesupport-4.0.12/lib/active_support/notifications.rb:159:in `block in instrument'
/home/deploy/peatio/current/vendor/bundle/ruby/2.2.0/gems/activesupport-4.0.12/lib/active_support/notifications/instrumenter.rb:20:in `instrument'
/home/deploy/peatio/current/vendor/bundle/ruby/2.2.0/gems/activesupport-4.0.12/lib/active_support/notifications.rb:159:in `instrument'
/home/deploy/peatio/current/vendor/bundle/ruby/2.2.0/gems/actionmailer-4.0.12/lib/action_mailer/base.rb:454:in `deliver_mail'
/home/deploy/peatio/current/vendor/bundle/ruby/2.2.0/gems/mail-2.6.3/lib/mail/message.rb:236:in `deliver'
/home/deploy/peatio/current/app/models/worker/email_notification.rb:13:in `process'
/home/deploy/peatio/current/lib/daemons/amqp_daemon.rb:61:in `block (2 levels) in <top (required)>'
/home/deploy/peatio/current/vendor/bundle/ruby/2.2.0/gems/bunny-1.2.1/lib/bunny/consumer.rb:56:in `call'
/home/deploy/peatio/current/vendor/bundle/ruby/2.2.0/gems/bunny-1.2.1/lib/bunny/consumer.rb:56:in `call'
/home/deploy/peatio/current/vendor/bundle/ruby/2.2.0/gems/bunny-1.2.1/lib/bunny/channel.rb:1672:in `block in handle_frameset'
/home/deploy/peatio/current/vendor/bundle/ruby/2.2.0/gems/bunny-1.2.1/lib/bunny/consumer_work_pool.rb:84:in `call'
/home/deploy/peatio/current/vendor/bundle/ruby/2.2.0/gems/bunny-1.2.1/lib/bunny/consumer_work_pool.rb:84:in `block (2 levels) in run_loop'
/home/deploy/peatio/current/vendor/bundle/ruby/2.2.0/gems/bunny-1.2.1/lib/bunny/consumer_work_pool.rb:80:in `loop'
/home/deploy/peatio/current/vendor/bundle/ruby/2.2.0/gems/bunny-1.2.1/lib/bunny/consumer_work_pool.rb:80:in `block in run_loop'
/home/deploy/peatio/current/vendor/bundle/ruby/2.2.0/gems/bunny-1.2.1/lib/bunny/consumer_work_pool.rb:79:in `catch'
/home/deploy/peatio/current/vendor/bundle/ruby/2.2.0/gems/bunny-1.2.1/lib/bunny/consumer_work_pool.rb:79:in `run_loop'
F, [2017-12-12T00:09:49.042238 #13674] FATAL -- : /home/deploy/.rbenv/versions/2.2.2/lib/ruby/2.2.0/net/smtp.rb:541:in `initialize'
/home/deploy/.rbenv/versions/2.2.2/lib/ruby/2.2.0/net/smtp.rb:541:in `open'
/home/deploy/.rbenv/versions/2.2.2/lib/ruby/2.2.0/net/smtp.rb:541:in `tcp_socket'
/home/deploy/.rbenv/versions/2.2.2/lib/ruby/2.2.0/net/smtp.rb:551:in `block in do_start'
/home/deploy/.rbenv/versions/2.2.2/lib/ruby/2.2.0/timeout.rb:89:in `block in timeout'
/home/deploy/.rbenv/versions/2.2.2/lib/ruby/2.2.0/timeout.rb:99:in `call'
/home/deploy/.rbenv/versions/2.2.2/lib/ruby/2.2.0/timeout.rb:99:in `timeout'
/home/deploy/.rbenv/versions/2.2.2/lib/ruby/2.2.0/net/smtp.rb:550:in `do_start'
/home/deploy/.rbenv/versions/2.2.2/lib/ruby/2.2.0/net/smtp.rb:520:in `start'
/home/deploy/peatio/current/vendor/bundle/ruby/2.2.0/gems/mail-2.6.3/lib/mail/network/delivery_methods/smtp.rb:112:in `deliver!'
/home/deploy/peatio/current/vendor/bundle/ruby/2.2.0/gems/mail-2.6.3/lib/mail/message.rb:2141:in `do_delivery'
/home/deploy/peatio/current/vendor/bundle/ruby/2.2.0/gems/mail-2.6.3/lib/mail/message.rb:236:in `block in deliver'
/home/deploy/peatio/current/vendor/bundle/ruby/2.2.0/gems/actionmailer-4.0.12/lib/action_mailer/base.rb:456:in `block in deliver_mail'
/home/deploy/peatio/current/vendor/bundle/ruby/2.2.0/gems/activesupport-4.0.12/lib/active_support/notifications.rb:159:in `block in instrument'
/home/deploy/peatio/current/vendor/bundle/ruby/2.2.0/gems/activesupport-4.0.12/lib/active_support/notifications/instrumenter.rb:20:in `instrument'
/home/deploy/peatio/current/vendor/bundle/ruby/2.2.0/gems/activesupport-4.0.12/lib/active_support/notifications.rb:159:in `instrument'
/home/deploy/peatio/current/vendor/bundle/ruby/2.2.0/gems/actionmailer-4.0.12/lib/action_mailer/base.rb:454:in `deliver_mail'
/home/deploy/peatio/current/vendor/bundle/ruby/2.2.0/gems/mail-2.6.3/lib/mail/message.rb:236:in `deliver'
/home/deploy/peatio/current/app/models/worker/email_notification.rb:13:in `process'
/home/deploy/peatio/current/lib/daemons/amqp_daemon.rb:61:in `block (2 levels) in <top (required)>'
/home/deploy/peatio/current/vendor/bundle/ruby/2.2.0/gems/bunny-1.2.1/lib/bunny/consumer.rb:56:in `call'
/home/deploy/peatio/current/vendor/bundle/ruby/2.2.0/gems/bunny-1.2.1/lib/bunny/consumer.rb:56:in `call'
/home/deploy/peatio/current/vendor/bundle/ruby/2.2.0/gems/bunny-1.2.1/lib/bunny/channel.rb:1672:in `block in handle_frameset'
/home/deploy/peatio/current/vendor/bundle/ruby/2.2.0/gems/bunny-1.2.1/lib/bunny/consumer_work_pool.rb:84:in `call'
/home/deploy/peatio/current/vendor/bundle/ruby/2.2.0/gems/bunny-1.2.1/lib/bunny/consumer_work_pool.rb:84:in `block (2 levels) in run_loop'
/home/deploy/peatio/current/vendor/bundle/ruby/2.2.0/gems/bunny-1.2.1/lib/bunny/consumer_work_pool.rb:80:in `loop'
/home/deploy/peatio/current/vendor/bundle/ruby/2.2.0/gems/bunny-1.2.1/lib/bunny/consumer_work_pool.rb:80:in `block in run_loop'
/home/deploy/peatio/current/vendor/bundle/ruby/2.2.0/gems/bunny-1.2.1/lib/bunny/consumer_work_pool.rb:79:in `catch'
/home/deploy/peatio/current/vendor/bundle/ruby/2.2.0/gems/bunny-1.2.1/lib/bunny/consumer_work_pool.rb:79:in `run_loop'
I, [2017-12-12T00:14:58.939792 #13674]  INFO -- : Received: {"mailer_class":"MemberMailer","method":"notify_signin","args":[2],"locale":"en"}
F, [2017-12-12T00:14:59.073242 #13674] FATAL -- : getaddrinfo: Servname not supported for ai_socktype (SocketError)
/home/deploy/.rbenv/versions/2.2.2/lib/ruby/2.2.0/net/smtp.rb:541:in `initialize'
/home/deploy/.rbenv/versions/2.2.2/lib/ruby/2.2.0/net/smtp.rb:541:in `open'
/home/deploy/.rbenv/versions/2.2.2/lib/ruby/2.2.0/net/smtp.rb:541:in `tcp_socket'
/home/deploy/.rbenv/versions/2.2.2/lib/ruby/2.2.0/net/smtp.rb:551:in `block in do_start'
/home/deploy/.rbenv/versions/2.2.2/lib/ruby/2.2.0/timeout.rb:89:in `block in timeout'
/home/deploy/.rbenv/versions/2.2.2/lib/ruby/2.2.0/timeout.rb:99:in `call'
/home/deploy/.rbenv/versions/2.2.2/lib/ruby/2.2.0/timeout.rb:99:in `timeout'
/home/deploy/.rbenv/versions/2.2.2/lib/ruby/2.2.0/net/smtp.rb:550:in `do_start'
/home/deploy/.rbenv/versions/2.2.2/lib/ruby/2.2.0/net/smtp.rb:520:in `start'
/home/deploy/peatio/current/vendor/bundle/ruby/2.2.0/gems/mail-2.6.3/lib/mail/network/delivery_methods/smtp.rb:112:in `deliver!'
/home/deploy/peatio/current/vendor/bundle/ruby/2.2.0/gems/mail-2.6.3/lib/mail/message.rb:2141:in `do_delivery'
/home/deploy/peatio/current/vendor/bundle/ruby/2.2.0/gems/mail-2.6.3/lib/mail/message.rb:236:in `block in deliver'
/home/deploy/peatio/current/vendor/bundle/ruby/2.2.0/gems/actionmailer-4.0.12/lib/action_mailer/base.rb:456:in `block in deliver_mail'
/home/deploy/peatio/current/vendor/bundle/ruby/2.2.0/gems/activesupport-4.0.12/lib/active_support/notifications.rb:159:in `block in instrument'
/home/deploy/peatio/current/vendor/bundle/ruby/2.2.0/gems/activesupport-4.0.12/lib/active_support/notifications/instrumenter.rb:20:in `instrument'
/home/deploy/peatio/current/vendor/bundle/ruby/2.2.0/gems/activesupport-4.0.12/lib/active_support/notifications.rb:159:in `instrument'
/home/deploy/peatio/current/vendor/bundle/ruby/2.2.0/gems/actionmailer-4.0.12/lib/action_mailer/base.rb:454:in `deliver_mail'
/home/deploy/peatio/current/vendor/bundle/ruby/2.2.0/gems/mail-2.6.3/lib/mail/message.rb:236:in `deliver'
/home/deploy/peatio/current/app/models/worker/email_notification.rb:13:in `process'
/home/deploy/peatio/current/lib/daemons/amqp_daemon.rb:61:in `block (2 levels) in <top (required)>'
/home/deploy/peatio/current/vendor/bundle/ruby/2.2.0/gems/bunny-1.2.1/lib/bunny/consumer.rb:56:in `call'
/home/deploy/peatio/current/vendor/bundle/ruby/2.2.0/gems/bunny-1.2.1/lib/bunny/consumer.rb:56:in `call'
/home/deploy/peatio/current/vendor/bundle/ruby/2.2.0/gems/bunny-1.2.1/lib/bunny/channel.rb:1672:in `block in handle_frameset'
/home/deploy/peatio/current/vendor/bundle/ruby/2.2.0/gems/bunny-1.2.1/lib/bunny/consumer_work_pool.rb:84:in `call'
/home/deploy/peatio/current/vendor/bundle/ruby/2.2.0/gems/bunny-1.2.1/lib/bunny/consumer_work_pool.rb:84:in `block (2 levels) in run_loop'
/home/deploy/peatio/current/vendor/bundle/ruby/2.2.0/gems/bunny-1.2.1/lib/bunny/consumer_work_pool.rb:80:in `loop'
/home/deploy/peatio/current/vendor/bundle/ruby/2.2.0/gems/bunny-1.2.1/lib/bunny/consumer_work_pool.rb:80:in `block in run_loop'
/home/deploy/peatio/current/vendor/bundle/ruby/2.2.0/gems/bunny-1.2.1/lib/bunny/consumer_work_pool.rb:79:in `catch'
/home/deploy/peatio/current/vendor/bundle/ruby/2.2.0/gems/bunny-1.2.1/lib/bunny/consumer_work_pool.rb:79:in `run_loop'
F, [2017-12-12T00:14:59.073372 #13674] FATAL -- : /home/deploy/.rbenv/versions/2.2.2/lib/ruby/2.2.0/net/smtp.rb:541:in `initialize'
/home/deploy/.rbenv/versions/2.2.2/lib/ruby/2.2.0/net/smtp.rb:541:in `open'
/home/deploy/.rbenv/versions/2.2.2/lib/ruby/2.2.0/net/smtp.rb:541:in `tcp_socket'
/home/deploy/.rbenv/versions/2.2.2/lib/ruby/2.2.0/net/smtp.rb:551:in `block in do_start'
/home/deploy/.rbenv/versions/2.2.2/lib/ruby/2.2.0/timeout.rb:89:in `block in timeout'
/home/deploy/.rbenv/versions/2.2.2/lib/ruby/2.2.0/timeout.rb:99:in `call'
/home/deploy/.rbenv/versions/2.2.2/lib/ruby/2.2.0/timeout.rb:99:in `timeout'
/home/deploy/.rbenv/versions/2.2.2/lib/ruby/2.2.0/net/smtp.rb:550:in `do_start'
/home/deploy/.rbenv/versions/2.2.2/lib/ruby/2.2.0/net/smtp.rb:520:in `start'
/home/deploy/peatio/current/vendor/bundle/ruby/2.2.0/gems/mail-2.6.3/lib/mail/network/delivery_methods/smtp.rb:112:in `deliver!'
/home/deploy/peatio/current/vendor/bundle/ruby/2.2.0/gems/mail-2.6.3/lib/mail/message.rb:2141:in `do_delivery'
/home/deploy/peatio/current/vendor/bundle/ruby/2.2.0/gems/mail-2.6.3/lib/mail/message.rb:236:in `block in deliver'
/home/deploy/peatio/current/vendor/bundle/ruby/2.2.0/gems/actionmailer-4.0.12/lib/action_mailer/base.rb:456:in `block in deliver_mail'
/home/deploy/peatio/current/vendor/bundle/ruby/2.2.0/gems/activesupport-4.0.12/lib/active_support/notifications.rb:159:in `block in instrument'
/home/deploy/peatio/current/vendor/bundle/ruby/2.2.0/gems/activesupport-4.0.12/lib/active_support/notifications/instrumenter.rb:20:in `instrument'
/home/deploy/peatio/current/vendor/bundle/ruby/2.2.0/gems/activesupport-4.0.12/lib/active_support/notifications.rb:159:in `instrument'
/home/deploy/peatio/current/vendor/bundle/ruby/2.2.0/gems/actionmailer-4.0.12/lib/action_mailer/base.rb:454:in `deliver_mail'
/home/deploy/peatio/current/vendor/bundle/ruby/2.2.0/gems/mail-2.6.3/lib/mail/message.rb:236:in `deliver'
/home/deploy/peatio/current/app/models/worker/email_notification.rb:13:in `process'
/home/deploy/peatio/current/lib/daemons/amqp_daemon.rb:61:in `block (2 levels) in <top (required)>'
/home/deploy/peatio/current/vendor/bundle/ruby/2.2.0/gems/bunny-1.2.1/lib/bunny/consumer.rb:56:in `call'
/home/deploy/peatio/current/vendor/bundle/ruby/2.2.0/gems/bunny-1.2.1/lib/bunny/consumer.rb:56:in `call'
/home/deploy/peatio/current/vendor/bundle/ruby/2.2.0/gems/bunny-1.2.1/lib/bunny/channel.rb:1672:in `block in handle_frameset'
/home/deploy/peatio/current/vendor/bundle/ruby/2.2.0/gems/bunny-1.2.1/lib/bunny/consumer_work_pool.rb:84:in `call'
/home/deploy/peatio/current/vendor/bundle/ruby/2.2.0/gems/bunny-1.2.1/lib/bunny/consumer_work_pool.rb:84:in `block (2 levels) in run_loop'
/home/deploy/peatio/current/vendor/bundle/ruby/2.2.0/gems/bunny-1.2.1/lib/bunny/consumer_work_pool.rb:80:in `loop'
/home/deploy/peatio/current/vendor/bundle/ruby/2.2.0/gems/bunny-1.2.1/lib/bunny/consumer_work_pool.rb:80:in `block in run_loop'
/home/deploy/peatio/current/vendor/bundle/ruby/2.2.0/gems/bunny-1.2.1/lib/bunny/consumer_work_pool.rb:79:in `catch'
/home/deploy/peatio/current/vendor/bundle/ruby/2.2.0/gems/bunny-1.2.1/lib/bunny/consumer_work_pool.rb:79:in `run_loop'
I, [2017-12-12T15:50:53.863859 #13674]  INFO -- : Received: {"mailer_class":"MemberMailer","method":"notify_signin","args":[2],"locale":"en"}
F, [2017-12-12T15:50:55.685951 #13674] FATAL -- : getaddrinfo: Servname not supported for ai_socktype (SocketError)
/home/deploy/.rbenv/versions/2.2.2/lib/ruby/2.2.0/net/smtp.rb:541:in `initialize'
/home/deploy/.rbenv/versions/2.2.2/lib/ruby/2.2.0/net/smtp.rb:541:in `open'
/home/deploy/.rbenv/versions/2.2.2/lib/ruby/2.2.0/net/smtp.rb:541:in `tcp_socket'
/home/deploy/.rbenv/versions/2.2.2/lib/ruby/2.2.0/net/smtp.rb:551:in `block in do_start'
/home/deploy/.rbenv/versions/2.2.2/lib/ruby/2.2.0/timeout.rb:89:in `block in timeout'
/home/deploy/.rbenv/versions/2.2.2/lib/ruby/2.2.0/timeout.rb:99:in `call'
/home/deploy/.rbenv/versions/2.2.2/lib/ruby/2.2.0/timeout.rb:99:in `timeout'
/home/deploy/.rbenv/versions/2.2.2/lib/ruby/2.2.0/net/smtp.rb:550:in `do_start'
/home/deploy/.rbenv/versions/2.2.2/lib/ruby/2.2.0/net/smtp.rb:520:in `start'
/home/deploy/peatio/current/vendor/bundle/ruby/2.2.0/gems/mail-2.6.3/lib/mail/network/delivery_methods/smtp.rb:112:in `deliver!'
/home/deploy/peatio/current/vendor/bundle/ruby/2.2.0/gems/mail-2.6.3/lib/mail/message.rb:2141:in `do_delivery'
/home/deploy/peatio/current/vendor/bundle/ruby/2.2.0/gems/mail-2.6.3/lib/mail/message.rb:236:in `block in deliver'
/home/deploy/peatio/current/vendor/bundle/ruby/2.2.0/gems/actionmailer-4.0.12/lib/action_mailer/base.rb:456:in `block in deliver_mail'
/home/deploy/peatio/current/vendor/bundle/ruby/2.2.0/gems/activesupport-4.0.12/lib/active_support/notifications.rb:159:in `block in instrument'
/home/deploy/peatio/current/vendor/bundle/ruby/2.2.0/gems/activesupport-4.0.12/lib/active_support/notifications/instrumenter.rb:20:in `instrument'
/home/deploy/peatio/current/vendor/bundle/ruby/2.2.0/gems/activesupport-4.0.12/lib/active_support/notifications.rb:159:in `instrument'
/home/deploy/peatio/current/vendor/bundle/ruby/2.2.0/gems/actionmailer-4.0.12/lib/action_mailer/base.rb:454:in `deliver_mail'
/home/deploy/peatio/current/vendor/bundle/ruby/2.2.0/gems/mail-2.6.3/lib/mail/message.rb:236:in `deliver'
/home/deploy/peatio/current/app/models/worker/email_notification.rb:13:in `process'
/home/deploy/peatio/current/lib/daemons/amqp_daemon.rb:61:in `block (2 levels) in <top (required)>'
/home/deploy/peatio/current/vendor/bundle/ruby/2.2.0/gems/bunny-1.2.1/lib/bunny/consumer.rb:56:in `call'
/home/deploy/peatio/current/vendor/bundle/ruby/2.2.0/gems/bunny-1.2.1/lib/bunny/consumer.rb:56:in `call'
/home/deploy/peatio/current/vendor/bundle/ruby/2.2.0/gems/bunny-1.2.1/lib/bunny/channel.rb:1672:in `block in handle_frameset'
/home/deploy/peatio/current/vendor/bundle/ruby/2.2.0/gems/bunny-1.2.1/lib/bunny/consumer_work_pool.rb:84:in `call'
/home/deploy/peatio/current/vendor/bundle/ruby/2.2.0/gems/bunny-1.2.1/lib/bunny/consumer_work_pool.rb:84:in `block (2 levels) in run_loop'
/home/deploy/peatio/current/vendor/bundle/ruby/2.2.0/gems/bunny-1.2.1/lib/bunny/consumer_work_pool.rb:80:in `loop'
/home/deploy/peatio/current/vendor/bundle/ruby/2.2.0/gems/bunny-1.2.1/lib/bunny/consumer_work_pool.rb:80:in `block in run_loop'
/home/deploy/peatio/current/vendor/bundle/ruby/2.2.0/gems/bunny-1.2.1/lib/bunny/consumer_work_pool.rb:79:in `catch'
/home/deploy/peatio/current/vendor/bundle/ruby/2.2.0/gems/bunny-1.2.1/lib/bunny/consumer_work_pool.rb:79:in `run_loop'
F, [2017-12-12T15:50:55.688604 #13674] FATAL -- : /home/deploy/.rbenv/versions/2.2.2/lib/ruby/2.2.0/net/smtp.rb:541:in `initialize'
/home/deploy/.rbenv/versions/2.2.2/lib/ruby/2.2.0/net/smtp.rb:541:in `open'
/home/deploy/.rbenv/versions/2.2.2/lib/ruby/2.2.0/net/smtp.rb:541:in `tcp_socket'
/home/deploy/.rbenv/versions/2.2.2/lib/ruby/2.2.0/net/smtp.rb:551:in `block in do_start'
/home/deploy/.rbenv/versions/2.2.2/lib/ruby/2.2.0/timeout.rb:89:in `block in timeout'
/home/deploy/.rbenv/versions/2.2.2/lib/ruby/2.2.0/timeout.rb:99:in `call'
/home/deploy/.rbenv/versions/2.2.2/lib/ruby/2.2.0/timeout.rb:99:in `timeout'
/home/deploy/.rbenv/versions/2.2.2/lib/ruby/2.2.0/net/smtp.rb:550:in `do_start'
/home/deploy/.rbenv/versions/2.2.2/lib/ruby/2.2.0/net/smtp.rb:520:in `start'
/home/deploy/peatio/current/vendor/bundle/ruby/2.2.0/gems/mail-2.6.3/lib/mail/network/delivery_methods/smtp.rb:112:in `deliver!'
/home/deploy/peatio/current/vendor/bundle/ruby/2.2.0/gems/mail-2.6.3/lib/mail/message.rb:2141:in `do_delivery'
/home/deploy/peatio/current/vendor/bundle/ruby/2.2.0/gems/mail-2.6.3/lib/mail/message.rb:236:in `block in deliver'
/home/deploy/peatio/current/vendor/bundle/ruby/2.2.0/gems/actionmailer-4.0.12/lib/action_mailer/base.rb:456:in `block in deliver_mail'
/home/deploy/peatio/current/vendor/bundle/ruby/2.2.0/gems/activesupport-4.0.12/lib/active_support/notifications.rb:159:in `block in instrument'
/home/deploy/peatio/current/vendor/bundle/ruby/2.2.0/gems/activesupport-4.0.12/lib/active_support/notifications/instrumenter.rb:20:in `instrument'
/home/deploy/peatio/current/vendor/bundle/ruby/2.2.0/gems/activesupport-4.0.12/lib/active_support/notifications.rb:159:in `instrument'
/home/deploy/peatio/current/vendor/bundle/ruby/2.2.0/gems/actionmailer-4.0.12/lib/action_mailer/base.rb:454:in `deliver_mail'
/home/deploy/peatio/current/vendor/bundle/ruby/2.2.0/gems/mail-2.6.3/lib/mail/message.rb:236:in `deliver'
/home/deploy/peatio/current/app/models/worker/email_notification.rb:13:in `process'
/home/deploy/peatio/current/lib/daemons/amqp_daemon.rb:61:in `block (2 levels) in <top (required)>'
/home/deploy/peatio/current/vendor/bundle/ruby/2.2.0/gems/bunny-1.2.1/lib/bunny/consumer.rb:56:in `call'
/home/deploy/peatio/current/vendor/bundle/ruby/2.2.0/gems/bunny-1.2.1/lib/bunny/consumer.rb:56:in `call'
/home/deploy/peatio/current/vendor/bundle/ruby/2.2.0/gems/bunny-1.2.1/lib/bunny/channel.rb:1672:in `block in handle_frameset'
/home/deploy/peatio/current/vendor/bundle/ruby/2.2.0/gems/bunny-1.2.1/lib/bunny/consumer_work_pool.rb:84:in `call'
/home/deploy/peatio/current/vendor/bundle/ruby/2.2.0/gems/bunny-1.2.1/lib/bunny/consumer_work_pool.rb:84:in `block (2 levels) in run_loop'
/home/deploy/peatio/current/vendor/bundle/ruby/2.2.0/gems/bunny-1.2.1/lib/bunny/consumer_work_pool.rb:80:in `loop'
/home/deploy/peatio/current/vendor/bundle/ruby/2.2.0/gems/bunny-1.2.1/lib/bunny/consumer_work_pool.rb:80:in `block in run_loop'
/home/deploy/peatio/current/vendor/bundle/ruby/2.2.0/gems/bunny-1.2.1/lib/bunny/consumer_work_pool.rb:79:in `catch'
/home/deploy/peatio/current/vendor/bundle/ruby/2.2.0/gems/bunny-1.2.1/lib/bunny/consumer_work_pool.rb:79:in `run_loop'
I, [2017-12-12T21:13:28.413860 #13674]  INFO -- : Received: {"mailer_class":"TicketMailer","method":"author_notification","args":[2],"locale":"en"}
F, [2017-12-12T21:13:30.128896 #13674] FATAL -- : getaddrinfo: Servname not supported for ai_socktype (SocketError)
/home/deploy/.rbenv/versions/2.2.2/lib/ruby/2.2.0/net/smtp.rb:541:in `initialize'
/home/deploy/.rbenv/versions/2.2.2/lib/ruby/2.2.0/net/smtp.rb:541:in `open'
/home/deploy/.rbenv/versions/2.2.2/lib/ruby/2.2.0/net/smtp.rb:541:in `tcp_socket'
/home/deploy/.rbenv/versions/2.2.2/lib/ruby/2.2.0/net/smtp.rb:551:in `block in do_start'
/home/deploy/.rbenv/versions/2.2.2/lib/ruby/2.2.0/timeout.rb:89:in `block in timeout'
/home/deploy/.rbenv/versions/2.2.2/lib/ruby/2.2.0/timeout.rb:99:in `call'
/home/deploy/.rbenv/versions/2.2.2/lib/ruby/2.2.0/timeout.rb:99:in `timeout'
/home/deploy/.rbenv/versions/2.2.2/lib/ruby/2.2.0/net/smtp.rb:550:in `do_start'
/home/deploy/.rbenv/versions/2.2.2/lib/ruby/2.2.0/net/smtp.rb:520:in `start'
/home/deploy/peatio/current/vendor/bundle/ruby/2.2.0/gems/mail-2.6.3/lib/mail/network/delivery_methods/smtp.rb:112:in `deliver!'
/home/deploy/peatio/current/vendor/bundle/ruby/2.2.0/gems/mail-2.6.3/lib/mail/message.rb:2141:in `do_delivery'
/home/deploy/peatio/current/vendor/bundle/ruby/2.2.0/gems/mail-2.6.3/lib/mail/message.rb:236:in `block in deliver'
/home/deploy/peatio/current/vendor/bundle/ruby/2.2.0/gems/actionmailer-4.0.12/lib/action_mailer/base.rb:456:in `block in deliver_mail'
/home/deploy/peatio/current/vendor/bundle/ruby/2.2.0/gems/activesupport-4.0.12/lib/active_support/notifications.rb:159:in `block in instrument'
/home/deploy/peatio/current/vendor/bundle/ruby/2.2.0/gems/activesupport-4.0.12/lib/active_support/notifications/instrumenter.rb:20:in `instrument'
/home/deploy/peatio/current/vendor/bundle/ruby/2.2.0/gems/activesupport-4.0.12/lib/active_support/notifications.rb:159:in `instrument'
/home/deploy/peatio/current/vendor/bundle/ruby/2.2.0/gems/actionmailer-4.0.12/lib/action_mailer/base.rb:454:in `deliver_mail'
/home/deploy/peatio/current/vendor/bundle/ruby/2.2.0/gems/mail-2.6.3/lib/mail/message.rb:236:in `deliver'
/home/deploy/peatio/current/app/models/worker/email_notification.rb:13:in `process'
/home/deploy/peatio/current/lib/daemons/amqp_daemon.rb:61:in `block (2 levels) in <top (required)>'
/home/deploy/peatio/current/vendor/bundle/ruby/2.2.0/gems/bunny-1.2.1/lib/bunny/consumer.rb:56:in `call'
/home/deploy/peatio/current/vendor/bundle/ruby/2.2.0/gems/bunny-1.2.1/lib/bunny/consumer.rb:56:in `call'
/home/deploy/peatio/current/vendor/bundle/ruby/2.2.0/gems/bunny-1.2.1/lib/bunny/channel.rb:1672:in `block in handle_frameset'
/home/deploy/peatio/current/vendor/bundle/ruby/2.2.0/gems/bunny-1.2.1/lib/bunny/consumer_work_pool.rb:84:in `call'
/home/deploy/peatio/current/vendor/bundle/ruby/2.2.0/gems/bunny-1.2.1/lib/bunny/consumer_work_pool.rb:84:in `block (2 levels) in run_loop'
/home/deploy/peatio/current/vendor/bundle/ruby/2.2.0/gems/bunny-1.2.1/lib/bunny/consumer_work_pool.rb:80:in `loop'
/home/deploy/peatio/current/vendor/bundle/ruby/2.2.0/gems/bunny-1.2.1/lib/bunny/consumer_work_pool.rb:80:in `block in run_loop'
/home/deploy/peatio/current/vendor/bundle/ruby/2.2.0/gems/bunny-1.2.1/lib/bunny/consumer_work_pool.rb:79:in `catch'
/home/deploy/peatio/current/vendor/bundle/ruby/2.2.0/gems/bunny-1.2.1/lib/bunny/consumer_work_pool.rb:79:in `run_loop'
F, [2017-12-12T21:13:30.130345 #13674] FATAL -- : /home/deploy/.rbenv/versions/2.2.2/lib/ruby/2.2.0/net/smtp.rb:541:in `initialize'
/home/deploy/.rbenv/versions/2.2.2/lib/ruby/2.2.0/net/smtp.rb:541:in `open'
/home/deploy/.rbenv/versions/2.2.2/lib/ruby/2.2.0/net/smtp.rb:541:in `tcp_socket'
/home/deploy/.rbenv/versions/2.2.2/lib/ruby/2.2.0/net/smtp.rb:551:in `block in do_start'
/home/deploy/.rbenv/versions/2.2.2/lib/ruby/2.2.0/timeout.rb:89:in `block in timeout'
/home/deploy/.rbenv/versions/2.2.2/lib/ruby/2.2.0/timeout.rb:99:in `call'
/home/deploy/.rbenv/versions/2.2.2/lib/ruby/2.2.0/timeout.rb:99:in `timeout'
/home/deploy/.rbenv/versions/2.2.2/lib/ruby/2.2.0/net/smtp.rb:550:in `do_start'
/home/deploy/.rbenv/versions/2.2.2/lib/ruby/2.2.0/net/smtp.rb:520:in `start'
/home/deploy/peatio/current/vendor/bundle/ruby/2.2.0/gems/mail-2.6.3/lib/mail/network/delivery_methods/smtp.rb:112:in `deliver!'
/home/deploy/peatio/current/vendor/bundle/ruby/2.2.0/gems/mail-2.6.3/lib/mail/message.rb:2141:in `do_delivery'
/home/deploy/peatio/current/vendor/bundle/ruby/2.2.0/gems/mail-2.6.3/lib/mail/message.rb:236:in `block in deliver'
/home/deploy/peatio/current/vendor/bundle/ruby/2.2.0/gems/actionmailer-4.0.12/lib/action_mailer/base.rb:456:in `block in deliver_mail'
/home/deploy/peatio/current/vendor/bundle/ruby/2.2.0/gems/activesupport-4.0.12/lib/active_support/notifications.rb:159:in `block in instrument'
/home/deploy/peatio/current/vendor/bundle/ruby/2.2.0/gems/activesupport-4.0.12/lib/active_support/notifications/instrumenter.rb:20:in `instrument'
/home/deploy/peatio/current/vendor/bundle/ruby/2.2.0/gems/activesupport-4.0.12/lib/active_support/notifications.rb:159:in `instrument'
/home/deploy/peatio/current/vendor/bundle/ruby/2.2.0/gems/actionmailer-4.0.12/lib/action_mailer/base.rb:454:in `deliver_mail'
/home/deploy/peatio/current/vendor/bundle/ruby/2.2.0/gems/mail-2.6.3/lib/mail/message.rb:236:in `deliver'
/home/deploy/peatio/current/app/models/worker/email_notification.rb:13:in `process'
/home/deploy/peatio/current/lib/daemons/amqp_daemon.rb:61:in `block (2 levels) in <top (required)>'
/home/deploy/peatio/current/vendor/bundle/ruby/2.2.0/gems/bunny-1.2.1/lib/bunny/consumer.rb:56:in `call'
/home/deploy/peatio/current/vendor/bundle/ruby/2.2.0/gems/bunny-1.2.1/lib/bunny/consumer.rb:56:in `call'
/home/deploy/peatio/current/vendor/bundle/ruby/2.2.0/gems/bunny-1.2.1/lib/bunny/channel.rb:1672:in `block in handle_frameset'
/home/deploy/peatio/current/vendor/bundle/ruby/2.2.0/gems/bunny-1.2.1/lib/bunny/consumer_work_pool.rb:84:in `call'
/home/deploy/peatio/current/vendor/bundle/ruby/2.2.0/gems/bunny-1.2.1/lib/bunny/consumer_work_pool.rb:84:in `block (2 levels) in run_loop'
/home/deploy/peatio/current/vendor/bundle/ruby/2.2.0/gems/bunny-1.2.1/lib/bunny/consumer_work_pool.rb:80:in `loop'
/home/deploy/peatio/current/vendor/bundle/ruby/2.2.0/gems/bunny-1.2.1/lib/bunny/consumer_work_pool.rb:80:in `block in run_loop'
/home/deploy/peatio/current/vendor/bundle/ruby/2.2.0/gems/bunny-1.2.1/lib/bunny/consumer_work_pool.rb:79:in `catch'
/home/deploy/peatio/current/vendor/bundle/ruby/2.2.0/gems/bunny-1.2.1/lib/bunny/consumer_work_pool.rb:79:in `run_loop'
I, [2017-12-13T02:38:05.719005 #13674]  INFO -- : Received: {"mailer_class":"MemberMailer","method":"notify_signin","args":[2],"locale":"en"}
F, [2017-12-13T02:38:05.776175 #13674] FATAL -- : getaddrinfo: Servname not supported for ai_socktype (SocketError)
/home/deploy/.rbenv/versions/2.2.2/lib/ruby/2.2.0/net/smtp.rb:541:in `initialize'
/home/deploy/.rbenv/versions/2.2.2/lib/ruby/2.2.0/net/smtp.rb:541:in `open'
/home/deploy/.rbenv/versions/2.2.2/lib/ruby/2.2.0/net/smtp.rb:541:in `tcp_socket'
/home/deploy/.rbenv/versions/2.2.2/lib/ruby/2.2.0/net/smtp.rb:551:in `block in do_start'
/home/deploy/.rbenv/versions/2.2.2/lib/ruby/2.2.0/timeout.rb:89:in `block in timeout'
/home/deploy/.rbenv/versions/2.2.2/lib/ruby/2.2.0/timeout.rb:99:in `call'
/home/deploy/.rbenv/versions/2.2.2/lib/ruby/2.2.0/timeout.rb:99:in `timeout'
/home/deploy/.rbenv/versions/2.2.2/lib/ruby/2.2.0/net/smtp.rb:550:in `do_start'
/home/deploy/.rbenv/versions/2.2.2/lib/ruby/2.2.0/net/smtp.rb:520:in `start'
/home/deploy/peatio/current/vendor/bundle/ruby/2.2.0/gems/mail-2.6.3/lib/mail/network/delivery_methods/smtp.rb:112:in `deliver!'
/home/deploy/peatio/current/vendor/bundle/ruby/2.2.0/gems/mail-2.6.3/lib/mail/message.rb:2141:in `do_delivery'
/home/deploy/peatio/current/vendor/bundle/ruby/2.2.0/gems/mail-2.6.3/lib/mail/message.rb:236:in `block in deliver'
/home/deploy/peatio/current/vendor/bundle/ruby/2.2.0/gems/actionmailer-4.0.12/lib/action_mailer/base.rb:456:in `block in deliver_mail'
/home/deploy/peatio/current/vendor/bundle/ruby/2.2.0/gems/activesupport-4.0.12/lib/active_support/notifications.rb:159:in `block in instrument'
/home/deploy/peatio/current/vendor/bundle/ruby/2.2.0/gems/activesupport-4.0.12/lib/active_support/notifications/instrumenter.rb:20:in `instrument'
/home/deploy/peatio/current/vendor/bundle/ruby/2.2.0/gems/activesupport-4.0.12/lib/active_support/notifications.rb:159:in `instrument'
/home/deploy/peatio/current/vendor/bundle/ruby/2.2.0/gems/actionmailer-4.0.12/lib/action_mailer/base.rb:454:in `deliver_mail'
/home/deploy/peatio/current/vendor/bundle/ruby/2.2.0/gems/mail-2.6.3/lib/mail/message.rb:236:in `deliver'
/home/deploy/peatio/current/app/models/worker/email_notification.rb:13:in `process'
/home/deploy/peatio/current/lib/daemons/amqp_daemon.rb:61:in `block (2 levels) in <top (required)>'
/home/deploy/peatio/current/vendor/bundle/ruby/2.2.0/gems/bunny-1.2.1/lib/bunny/consumer.rb:56:in `call'
/home/deploy/peatio/current/vendor/bundle/ruby/2.2.0/gems/bunny-1.2.1/lib/bunny/consumer.rb:56:in `call'
/home/deploy/peatio/current/vendor/bundle/ruby/2.2.0/gems/bunny-1.2.1/lib/bunny/channel.rb:1672:in `block in handle_frameset'
/home/deploy/peatio/current/vendor/bundle/ruby/2.2.0/gems/bunny-1.2.1/lib/bunny/consumer_work_pool.rb:84:in `call'
/home/deploy/peatio/current/vendor/bundle/ruby/2.2.0/gems/bunny-1.2.1/lib/bunny/consumer_work_pool.rb:84:in `block (2 levels) in run_loop'
/home/deploy/peatio/current/vendor/bundle/ruby/2.2.0/gems/bunny-1.2.1/lib/bunny/consumer_work_pool.rb:80:in `loop'
/home/deploy/peatio/current/vendor/bundle/ruby/2.2.0/gems/bunny-1.2.1/lib/bunny/consumer_work_pool.rb:80:in `block in run_loop'
/home/deploy/peatio/current/vendor/bundle/ruby/2.2.0/gems/bunny-1.2.1/lib/bunny/consumer_work_pool.rb:79:in `catch'
/home/deploy/peatio/current/vendor/bundle/ruby/2.2.0/gems/bunny-1.2.1/lib/bunny/consumer_work_pool.rb:79:in `run_loop'
F, [2017-12-13T02:38:05.776247 #13674] FATAL -- : /home/deploy/.rbenv/versions/2.2.2/lib/ruby/2.2.0/net/smtp.rb:541:in `initialize'
/home/deploy/.rbenv/versions/2.2.2/lib/ruby/2.2.0/net/smtp.rb:541:in `open'
/home/deploy/.rbenv/versions/2.2.2/lib/ruby/2.2.0/net/smtp.rb:541:in `tcp_socket'
/home/deploy/.rbenv/versions/2.2.2/lib/ruby/2.2.0/net/smtp.rb:551:in `block in do_start'
/home/deploy/.rbenv/versions/2.2.2/lib/ruby/2.2.0/timeout.rb:89:in `block in timeout'
/home/deploy/.rbenv/versions/2.2.2/lib/ruby/2.2.0/timeout.rb:99:in `call'
/home/deploy/.rbenv/versions/2.2.2/lib/ruby/2.2.0/timeout.rb:99:in `timeout'
/home/deploy/.rbenv/versions/2.2.2/lib/ruby/2.2.0/net/smtp.rb:550:in `do_start'
/home/deploy/.rbenv/versions/2.2.2/lib/ruby/2.2.0/net/smtp.rb:520:in `start'
/home/deploy/peatio/current/vendor/bundle/ruby/2.2.0/gems/mail-2.6.3/lib/mail/network/delivery_methods/smtp.rb:112:in `deliver!'
/home/deploy/peatio/current/vendor/bundle/ruby/2.2.0/gems/mail-2.6.3/lib/mail/message.rb:2141:in `do_delivery'
/home/deploy/peatio/current/vendor/bundle/ruby/2.2.0/gems/mail-2.6.3/lib/mail/message.rb:236:in `block in deliver'
/home/deploy/peatio/current/vendor/bundle/ruby/2.2.0/gems/actionmailer-4.0.12/lib/action_mailer/base.rb:456:in `block in deliver_mail'
/home/deploy/peatio/current/vendor/bundle/ruby/2.2.0/gems/activesupport-4.0.12/lib/active_support/notifications.rb:159:in `block in instrument'
/home/deploy/peatio/current/vendor/bundle/ruby/2.2.0/gems/activesupport-4.0.12/lib/active_support/notifications/instrumenter.rb:20:in `instrument'
/home/deploy/peatio/current/vendor/bundle/ruby/2.2.0/gems/activesupport-4.0.12/lib/active_support/notifications.rb:159:in `instrument'
/home/deploy/peatio/current/vendor/bundle/ruby/2.2.0/gems/actionmailer-4.0.12/lib/action_mailer/base.rb:454:in `deliver_mail'
/home/deploy/peatio/current/vendor/bundle/ruby/2.2.0/gems/mail-2.6.3/lib/mail/message.rb:236:in `deliver'
/home/deploy/peatio/current/app/models/worker/email_notification.rb:13:in `process'
/home/deploy/peatio/current/lib/daemons/amqp_daemon.rb:61:in `block (2 levels) in <top (required)>'
/home/deploy/peatio/current/vendor/bundle/ruby/2.2.0/gems/bunny-1.2.1/lib/bunny/consumer.rb:56:in `call'
/home/deploy/peatio/current/vendor/bundle/ruby/2.2.0/gems/bunny-1.2.1/lib/bunny/consumer.rb:56:in `call'
/home/deploy/peatio/current/vendor/bundle/ruby/2.2.0/gems/bunny-1.2.1/lib/bunny/channel.rb:1672:in `block in handle_frameset'
/home/deploy/peatio/current/vendor/bundle/ruby/2.2.0/gems/bunny-1.2.1/lib/bunny/consumer_work_pool.rb:84:in `call'
/home/deploy/peatio/current/vendor/bundle/ruby/2.2.0/gems/bunny-1.2.1/lib/bunny/consumer_work_pool.rb:84:in `block (2 levels) in run_loop'
/home/deploy/peatio/current/vendor/bundle/ruby/2.2.0/gems/bunny-1.2.1/lib/bunny/consumer_work_pool.rb:80:in `loop'
/home/deploy/peatio/current/vendor/bundle/ruby/2.2.0/gems/bunny-1.2.1/lib/bunny/consumer_work_pool.rb:80:in `block in run_loop'
/home/deploy/peatio/current/vendor/bundle/ruby/2.2.0/gems/bunny-1.2.1/lib/bunny/consumer_work_pool.rb:79:in `catch'
/home/deploy/peatio/current/vendor/bundle/ruby/2.2.0/gems/bunny-1.2.1/lib/bunny/consumer_work_pool.rb:79:in `run_loop'
I, [2017-12-13T23:03:29.120267 #13674]  INFO -- : Received: {"mailer_class":"MemberMailer","method":"notify_signin","args":[2],"locale":"en"}
F, [2017-12-13T23:03:30.119166 #13674] FATAL -- : getaddrinfo: Servname not supported for ai_socktype (SocketError)
/home/deploy/.rbenv/versions/2.2.2/lib/ruby/2.2.0/net/smtp.rb:541:in `initialize'
/home/deploy/.rbenv/versions/2.2.2/lib/ruby/2.2.0/net/smtp.rb:541:in `open'
/home/deploy/.rbenv/versions/2.2.2/lib/ruby/2.2.0/net/smtp.rb:541:in `tcp_socket'
/home/deploy/.rbenv/versions/2.2.2/lib/ruby/2.2.0/net/smtp.rb:551:in `block in do_start'
/home/deploy/.rbenv/versions/2.2.2/lib/ruby/2.2.0/timeout.rb:89:in `block in timeout'
/home/deploy/.rbenv/versions/2.2.2/lib/ruby/2.2.0/timeout.rb:99:in `call'
/home/deploy/.rbenv/versions/2.2.2/lib/ruby/2.2.0/timeout.rb:99:in `timeout'
/home/deploy/.rbenv/versions/2.2.2/lib/ruby/2.2.0/net/smtp.rb:550:in `do_start'
/home/deploy/.rbenv/versions/2.2.2/lib/ruby/2.2.0/net/smtp.rb:520:in `start'
/home/deploy/peatio/current/vendor/bundle/ruby/2.2.0/gems/mail-2.6.3/lib/mail/network/delivery_methods/smtp.rb:112:in `deliver!'
/home/deploy/peatio/current/vendor/bundle/ruby/2.2.0/gems/mail-2.6.3/lib/mail/message.rb:2141:in `do_delivery'
/home/deploy/peatio/current/vendor/bundle/ruby/2.2.0/gems/mail-2.6.3/lib/mail/message.rb:236:in `block in deliver'
/home/deploy/peatio/current/vendor/bundle/ruby/2.2.0/gems/actionmailer-4.0.12/lib/action_mailer/base.rb:456:in `block in deliver_mail'
/home/deploy/peatio/current/vendor/bundle/ruby/2.2.0/gems/activesupport-4.0.12/lib/active_support/notifications.rb:159:in `block in instrument'
/home/deploy/peatio/current/vendor/bundle/ruby/2.2.0/gems/activesupport-4.0.12/lib/active_support/notifications/instrumenter.rb:20:in `instrument'
/home/deploy/peatio/current/vendor/bundle/ruby/2.2.0/gems/activesupport-4.0.12/lib/active_support/notifications.rb:159:in `instrument'
/home/deploy/peatio/current/vendor/bundle/ruby/2.2.0/gems/actionmailer-4.0.12/lib/action_mailer/base.rb:454:in `deliver_mail'
/home/deploy/peatio/current/vendor/bundle/ruby/2.2.0/gems/mail-2.6.3/lib/mail/message.rb:236:in `deliver'
/home/deploy/peatio/current/app/models/worker/email_notification.rb:13:in `process'
/home/deploy/peatio/current/lib/daemons/amqp_daemon.rb:61:in `block (2 levels) in <top (required)>'
/home/deploy/peatio/current/vendor/bundle/ruby/2.2.0/gems/bunny-1.2.1/lib/bunny/consumer.rb:56:in `call'
/home/deploy/peatio/current/vendor/bundle/ruby/2.2.0/gems/bunny-1.2.1/lib/bunny/consumer.rb:56:in `call'
/home/deploy/peatio/current/vendor/bundle/ruby/2.2.0/gems/bunny-1.2.1/lib/bunny/channel.rb:1672:in `block in handle_frameset'
/home/deploy/peatio/current/vendor/bundle/ruby/2.2.0/gems/bunny-1.2.1/lib/bunny/consumer_work_pool.rb:84:in `call'
/home/deploy/peatio/current/vendor/bundle/ruby/2.2.0/gems/bunny-1.2.1/lib/bunny/consumer_work_pool.rb:84:in `block (2 levels) in run_loop'
/home/deploy/peatio/current/vendor/bundle/ruby/2.2.0/gems/bunny-1.2.1/lib/bunny/consumer_work_pool.rb:80:in `loop'
/home/deploy/peatio/current/vendor/bundle/ruby/2.2.0/gems/bunny-1.2.1/lib/bunny/consumer_work_pool.rb:80:in `block in run_loop'
/home/deploy/peatio/current/vendor/bundle/ruby/2.2.0/gems/bunny-1.2.1/lib/bunny/consumer_work_pool.rb:79:in `catch'
/home/deploy/peatio/current/vendor/bundle/ruby/2.2.0/gems/bunny-1.2.1/lib/bunny/consumer_work_pool.rb:79:in `run_loop'
F, [2017-12-13T23:03:30.120006 #13674] FATAL -- : /home/deploy/.rbenv/versions/2.2.2/lib/ruby/2.2.0/net/smtp.rb:541:in `initialize'
/home/deploy/.rbenv/versions/2.2.2/lib/ruby/2.2.0/net/smtp.rb:541:in `open'
/home/deploy/.rbenv/versions/2.2.2/lib/ruby/2.2.0/net/smtp.rb:541:in `tcp_socket'
/home/deploy/.rbenv/versions/2.2.2/lib/ruby/2.2.0/net/smtp.rb:551:in `block in do_start'
/home/deploy/.rbenv/versions/2.2.2/lib/ruby/2.2.0/timeout.rb:89:in `block in timeout'
/home/deploy/.rbenv/versions/2.2.2/lib/ruby/2.2.0/timeout.rb:99:in `call'
/home/deploy/.rbenv/versions/2.2.2/lib/ruby/2.2.0/timeout.rb:99:in `timeout'
/home/deploy/.rbenv/versions/2.2.2/lib/ruby/2.2.0/net/smtp.rb:550:in `do_start'
/home/deploy/.rbenv/versions/2.2.2/lib/ruby/2.2.0/net/smtp.rb:520:in `start'
/home/deploy/peatio/current/vendor/bundle/ruby/2.2.0/gems/mail-2.6.3/lib/mail/network/delivery_methods/smtp.rb:112:in `deliver!'
/home/deploy/peatio/current/vendor/bundle/ruby/2.2.0/gems/mail-2.6.3/lib/mail/message.rb:2141:in `do_delivery'
/home/deploy/peatio/current/vendor/bundle/ruby/2.2.0/gems/mail-2.6.3/lib/mail/message.rb:236:in `block in deliver'
/home/deploy/peatio/current/vendor/bundle/ruby/2.2.0/gems/actionmailer-4.0.12/lib/action_mailer/base.rb:456:in `block in deliver_mail'
/home/deploy/peatio/current/vendor/bundle/ruby/2.2.0/gems/activesupport-4.0.12/lib/active_support/notifications.rb:159:in `block in instrument'
/home/deploy/peatio/current/vendor/bundle/ruby/2.2.0/gems/activesupport-4.0.12/lib/active_support/notifications/instrumenter.rb:20:in `instrument'
/home/deploy/peatio/current/vendor/bundle/ruby/2.2.0/gems/activesupport-4.0.12/lib/active_support/notifications.rb:159:in `instrument'
/home/deploy/peatio/current/vendor/bundle/ruby/2.2.0/gems/actionmailer-4.0.12/lib/action_mailer/base.rb:454:in `deliver_mail'
/home/deploy/peatio/current/vendor/bundle/ruby/2.2.0/gems/mail-2.6.3/lib/mail/message.rb:236:in `deliver'
/home/deploy/peatio/current/app/models/worker/email_notification.rb:13:in `process'
/home/deploy/peatio/current/lib/daemons/amqp_daemon.rb:61:in `block (2 levels) in <top (required)>'
/home/deploy/peatio/current/vendor/bundle/ruby/2.2.0/gems/bunny-1.2.1/lib/bunny/consumer.rb:56:in `call'
/home/deploy/peatio/current/vendor/bundle/ruby/2.2.0/gems/bunny-1.2.1/lib/bunny/consumer.rb:56:in `call'
/home/deploy/peatio/current/vendor/bundle/ruby/2.2.0/gems/bunny-1.2.1/lib/bunny/channel.rb:1672:in `block in handle_frameset'
/home/deploy/peatio/current/vendor/bundle/ruby/2.2.0/gems/bunny-1.2.1/lib/bunny/consumer_work_pool.rb:84:in `call'
/home/deploy/peatio/current/vendor/bundle/ruby/2.2.0/gems/bunny-1.2.1/lib/bunny/consumer_work_pool.rb:84:in `block (2 levels) in run_loop'
/home/deploy/peatio/current/vendor/bundle/ruby/2.2.0/gems/bunny-1.2.1/lib/bunny/consumer_work_pool.rb:80:in `loop'
/home/deploy/peatio/current/vendor/bundle/ruby/2.2.0/gems/bunny-1.2.1/lib/bunny/consumer_work_pool.rb:80:in `block in run_loop'
/home/deploy/peatio/current/vendor/bundle/ruby/2.2.0/gems/bunny-1.2.1/lib/bunny/consumer_work_pool.rb:79:in `catch'
/home/deploy/peatio/current/vendor/bundle/ruby/2.2.0/gems/bunny-1.2.1/lib/bunny/consumer_work_pool.rb:79:in `run_loop'
I, [2017-12-14T03:22:28.002032 #13674]  INFO -- : Received: {"mailer_class":"MemberMailer","method":"notify_signin","args":[2],"locale":"en"}
F, [2017-12-14T03:22:28.242196 #13674] FATAL -- : getaddrinfo: Servname not supported for ai_socktype (SocketError)
/home/deploy/.rbenv/versions/2.2.2/lib/ruby/2.2.0/net/smtp.rb:541:in `initialize'
/home/deploy/.rbenv/versions/2.2.2/lib/ruby/2.2.0/net/smtp.rb:541:in `open'
/home/deploy/.rbenv/versions/2.2.2/lib/ruby/2.2.0/net/smtp.rb:541:in `tcp_socket'
/home/deploy/.rbenv/versions/2.2.2/lib/ruby/2.2.0/net/smtp.rb:551:in `block in do_start'
/home/deploy/.rbenv/versions/2.2.2/lib/ruby/2.2.0/timeout.rb:89:in `block in timeout'
/home/deploy/.rbenv/versions/2.2.2/lib/ruby/2.2.0/timeout.rb:99:in `call'
/home/deploy/.rbenv/versions/2.2.2/lib/ruby/2.2.0/timeout.rb:99:in `timeout'
/home/deploy/.rbenv/versions/2.2.2/lib/ruby/2.2.0/net/smtp.rb:550:in `do_start'
/home/deploy/.rbenv/versions/2.2.2/lib/ruby/2.2.0/net/smtp.rb:520:in `start'
/home/deploy/peatio/current/vendor/bundle/ruby/2.2.0/gems/mail-2.6.3/lib/mail/network/delivery_methods/smtp.rb:112:in `deliver!'
/home/deploy/peatio/current/vendor/bundle/ruby/2.2.0/gems/mail-2.6.3/lib/mail/message.rb:2141:in `do_delivery'
/home/deploy/peatio/current/vendor/bundle/ruby/2.2.0/gems/mail-2.6.3/lib/mail/message.rb:236:in `block in deliver'
/home/deploy/peatio/current/vendor/bundle/ruby/2.2.0/gems/actionmailer-4.0.12/lib/action_mailer/base.rb:456:in `block in deliver_mail'
/home/deploy/peatio/current/vendor/bundle/ruby/2.2.0/gems/activesupport-4.0.12/lib/active_support/notifications.rb:159:in `block in instrument'
/home/deploy/peatio/current/vendor/bundle/ruby/2.2.0/gems/activesupport-4.0.12/lib/active_support/notifications/instrumenter.rb:20:in `instrument'
/home/deploy/peatio/current/vendor/bundle/ruby/2.2.0/gems/activesupport-4.0.12/lib/active_support/notifications.rb:159:in `instrument'
/home/deploy/peatio/current/vendor/bundle/ruby/2.2.0/gems/actionmailer-4.0.12/lib/action_mailer/base.rb:454:in `deliver_mail'
/home/deploy/peatio/current/vendor/bundle/ruby/2.2.0/gems/mail-2.6.3/lib/mail/message.rb:236:in `deliver'
/home/deploy/peatio/current/app/models/worker/email_notification.rb:13:in `process'
/home/deploy/peatio/current/lib/daemons/amqp_daemon.rb:61:in `block (2 levels) in <top (required)>'
/home/deploy/peatio/current/vendor/bundle/ruby/2.2.0/gems/bunny-1.2.1/lib/bunny/consumer.rb:56:in `call'
/home/deploy/peatio/current/vendor/bundle/ruby/2.2.0/gems/bunny-1.2.1/lib/bunny/consumer.rb:56:in `call'
/home/deploy/peatio/current/vendor/bundle/ruby/2.2.0/gems/bunny-1.2.1/lib/bunny/channel.rb:1672:in `block in handle_frameset'
/home/deploy/peatio/current/vendor/bundle/ruby/2.2.0/gems/bunny-1.2.1/lib/bunny/consumer_work_pool.rb:84:in `call'
/home/deploy/peatio/current/vendor/bundle/ruby/2.2.0/gems/bunny-1.2.1/lib/bunny/consumer_work_pool.rb:84:in `block (2 levels) in run_loop'
/home/deploy/peatio/current/vendor/bundle/ruby/2.2.0/gems/bunny-1.2.1/lib/bunny/consumer_work_pool.rb:80:in `loop'
/home/deploy/peatio/current/vendor/bundle/ruby/2.2.0/gems/bunny-1.2.1/lib/bunny/consumer_work_pool.rb:80:in `block in run_loop'
/home/deploy/peatio/current/vendor/bundle/ruby/2.2.0/gems/bunny-1.2.1/lib/bunny/consumer_work_pool.rb:79:in `catch'
/home/deploy/peatio/current/vendor/bundle/ruby/2.2.0/gems/bunny-1.2.1/lib/bunny/consumer_work_pool.rb:79:in `run_loop'
F, [2017-12-14T03:22:28.242642 #13674] FATAL -- : /home/deploy/.rbenv/versions/2.2.2/lib/ruby/2.2.0/net/smtp.rb:541:in `initialize'
/home/deploy/.rbenv/versions/2.2.2/lib/ruby/2.2.0/net/smtp.rb:541:in `open'
/home/deploy/.rbenv/versions/2.2.2/lib/ruby/2.2.0/net/smtp.rb:541:in `tcp_socket'
/home/deploy/.rbenv/versions/2.2.2/lib/ruby/2.2.0/net/smtp.rb:551:in `block in do_start'
/home/deploy/.rbenv/versions/2.2.2/lib/ruby/2.2.0/timeout.rb:89:in `block in timeout'
/home/deploy/.rbenv/versions/2.2.2/lib/ruby/2.2.0/timeout.rb:99:in `call'
/home/deploy/.rbenv/versions/2.2.2/lib/ruby/2.2.0/timeout.rb:99:in `timeout'
/home/deploy/.rbenv/versions/2.2.2/lib/ruby/2.2.0/net/smtp.rb:550:in `do_start'
/home/deploy/.rbenv/versions/2.2.2/lib/ruby/2.2.0/net/smtp.rb:520:in `start'
/home/deploy/peatio/current/vendor/bundle/ruby/2.2.0/gems/mail-2.6.3/lib/mail/network/delivery_methods/smtp.rb:112:in `deliver!'
/home/deploy/peatio/current/vendor/bundle/ruby/2.2.0/gems/mail-2.6.3/lib/mail/message.rb:2141:in `do_delivery'
/home/deploy/peatio/current/vendor/bundle/ruby/2.2.0/gems/mail-2.6.3/lib/mail/message.rb:236:in `block in deliver'
/home/deploy/peatio/current/vendor/bundle/ruby/2.2.0/gems/actionmailer-4.0.12/lib/action_mailer/base.rb:456:in `block in deliver_mail'
/home/deploy/peatio/current/vendor/bundle/ruby/2.2.0/gems/activesupport-4.0.12/lib/active_support/notifications.rb:159:in `block in instrument'
/home/deploy/peatio/current/vendor/bundle/ruby/2.2.0/gems/activesupport-4.0.12/lib/active_support/notifications/instrumenter.rb:20:in `instrument'
/home/deploy/peatio/current/vendor/bundle/ruby/2.2.0/gems/activesupport-4.0.12/lib/active_support/notifications.rb:159:in `instrument'
/home/deploy/peatio/current/vendor/bundle/ruby/2.2.0/gems/actionmailer-4.0.12/lib/action_mailer/base.rb:454:in `deliver_mail'
/home/deploy/peatio/current/vendor/bundle/ruby/2.2.0/gems/mail-2.6.3/lib/mail/message.rb:236:in `deliver'
/home/deploy/peatio/current/app/models/worker/email_notification.rb:13:in `process'
/home/deploy/peatio/current/lib/daemons/amqp_daemon.rb:61:in `block (2 levels) in <top (required)>'
/home/deploy/peatio/current/vendor/bundle/ruby/2.2.0/gems/bunny-1.2.1/lib/bunny/consumer.rb:56:in `call'
/home/deploy/peatio/current/vendor/bundle/ruby/2.2.0/gems/bunny-1.2.1/lib/bunny/consumer.rb:56:in `call'
/home/deploy/peatio/current/vendor/bundle/ruby/2.2.0/gems/bunny-1.2.1/lib/bunny/channel.rb:1672:in `block in handle_frameset'
/home/deploy/peatio/current/vendor/bundle/ruby/2.2.0/gems/bunny-1.2.1/lib/bunny/consumer_work_pool.rb:84:in `call'
/home/deploy/peatio/current/vendor/bundle/ruby/2.2.0/gems/bunny-1.2.1/lib/bunny/consumer_work_pool.rb:84:in `block (2 levels) in run_loop'
/home/deploy/peatio/current/vendor/bundle/ruby/2.2.0/gems/bunny-1.2.1/lib/bunny/consumer_work_pool.rb:80:in `loop'
/home/deploy/peatio/current/vendor/bundle/ruby/2.2.0/gems/bunny-1.2.1/lib/bunny/consumer_work_pool.rb:80:in `block in run_loop'
/home/deploy/peatio/current/vendor/bundle/ruby/2.2.0/gems/bunny-1.2.1/lib/bunny/consumer_work_pool.rb:79:in `catch'
/home/deploy/peatio/current/vendor/bundle/ruby/2.2.0/gems/bunny-1.2.1/lib/bunny/consumer_work_pool.rb:79:in `run_loop'
