peatio:amqp:deposit_coin: process with pid 13683 started.
I, [2017-12-11T17:25:36.321166 #13683]  INFO -- : Connected to AMQP broker (prefetch: default)
I, [2017-12-13T03:44:55.995612 #13683]  INFO -- : Received: {"payment_address_id":3,"currency":"btc","locale":"en"}
I, [2017-12-13T05:21:46.718561 #13683]  INFO -- : Received: {"payment_address_id":2,"currency":"brc","locale":"en"}
F, [2017-12-13T05:21:46.737770 #13683] FATAL -- : CoinRPC::ConnectionRefusedError (CoinRPC::ConnectionRefusedError)
/home/deploy/peatio/current/app/services/coin_rpc.rb:48:in `rescue in http_post_request'
/home/deploy/peatio/current/app/services/coin_rpc.rb:41:in `http_post_request'
/home/deploy/peatio/current/app/services/coin_rpc.rb:33:in `handle'
/home/deploy/peatio/current/app/services/coin_rpc.rb:23:in `method_missing'
/home/deploy/peatio/current/app/models/worker/deposit_coin_address.rb:11:in `process'
/home/deploy/peatio/current/lib/daemons/amqp_daemon.rb:61:in `block (2 levels) in <top (required)>'
/home/deploy/peatio/current/vendor/bundle/ruby/2.2.0/gems/bunny-1.2.1/lib/bunny/consumer.rb:56:in `call'
/home/deploy/peatio/current/vendor/bundle/ruby/2.2.0/gems/bunny-1.2.1/lib/bunny/consumer.rb:56:in `call'
/home/deploy/peatio/current/vendor/bundle/ruby/2.2.0/gems/bunny-1.2.1/lib/bunny/channel.rb:1672:in `block in handle_frameset'
/home/deploy/peatio/current/vendor/bundle/ruby/2.2.0/gems/bunny-1.2.1/lib/bunny/consumer_work_pool.rb:84:in `call'
/home/deploy/peatio/current/vendor/bundle/ruby/2.2.0/gems/bunny-1.2.1/lib/bunny/consumer_work_pool.rb:84:in `block (2 levels) in run_loop'
/home/deploy/peatio/current/vendor/bundle/ruby/2.2.0/gems/bunny-1.2.1/lib/bunny/consumer_work_pool.rb:80:in `loop'
/home/deploy/peatio/current/vendor/bundle/ruby/2.2.0/gems/bunny-1.2.1/lib/bunny/consumer_work_pool.rb:80:in `block in run_loop'
/home/deploy/peatio/current/vendor/bundle/ruby/2.2.0/gems/bunny-1.2.1/lib/bunny/consumer_work_pool.rb:79:in `catch'
/home/deploy/peatio/current/vendor/bundle/ruby/2.2.0/gems/bunny-1.2.1/lib/bunny/consumer_work_pool.rb:79:in `run_loop'
F, [2017-12-13T05:21:46.738516 #13683] FATAL -- : /home/deploy/peatio/current/app/services/coin_rpc.rb:48:in `rescue in http_post_request'
/home/deploy/peatio/current/app/services/coin_rpc.rb:41:in `http_post_request'
/home/deploy/peatio/current/app/services/coin_rpc.rb:33:in `handle'
/home/deploy/peatio/current/app/services/coin_rpc.rb:23:in `method_missing'
/home/deploy/peatio/current/app/models/worker/deposit_coin_address.rb:11:in `process'
/home/deploy/peatio/current/lib/daemons/amqp_daemon.rb:61:in `block (2 levels) in <top (required)>'
/home/deploy/peatio/current/vendor/bundle/ruby/2.2.0/gems/bunny-1.2.1/lib/bunny/consumer.rb:56:in `call'
/home/deploy/peatio/current/vendor/bundle/ruby/2.2.0/gems/bunny-1.2.1/lib/bunny/consumer.rb:56:in `call'
/home/deploy/peatio/current/vendor/bundle/ruby/2.2.0/gems/bunny-1.2.1/lib/bunny/channel.rb:1672:in `block in handle_frameset'
/home/deploy/peatio/current/vendor/bundle/ruby/2.2.0/gems/bunny-1.2.1/lib/bunny/consumer_work_pool.rb:84:in `call'
/home/deploy/peatio/current/vendor/bundle/ruby/2.2.0/gems/bunny-1.2.1/lib/bunny/consumer_work_pool.rb:84:in `block (2 levels) in run_loop'
/home/deploy/peatio/current/vendor/bundle/ruby/2.2.0/gems/bunny-1.2.1/lib/bunny/consumer_work_pool.rb:80:in `loop'
/home/deploy/peatio/current/vendor/bundle/ruby/2.2.0/gems/bunny-1.2.1/lib/bunny/consumer_work_pool.rb:80:in `block in run_loop'
/home/deploy/peatio/current/vendor/bundle/ruby/2.2.0/gems/bunny-1.2.1/lib/bunny/consumer_work_pool.rb:79:in `catch'
/home/deploy/peatio/current/vendor/bundle/ruby/2.2.0/gems/bunny-1.2.1/lib/bunny/consumer_work_pool.rb:79:in `run_loop'
I, [2017-12-13T07:25:58.676051 #13683]  INFO -- : Received: {"payment_address_id":2,"currency":"brc","locale":"en"}
F, [2017-12-13T07:25:58.692307 #13683] FATAL -- : CoinRPC::ConnectionRefusedError (CoinRPC::ConnectionRefusedError)
/home/deploy/peatio/current/app/services/coin_rpc.rb:48:in `rescue in http_post_request'
/home/deploy/peatio/current/app/services/coin_rpc.rb:41:in `http_post_request'
/home/deploy/peatio/current/app/services/coin_rpc.rb:33:in `handle'
/home/deploy/peatio/current/app/services/coin_rpc.rb:23:in `method_missing'
/home/deploy/peatio/current/app/models/worker/deposit_coin_address.rb:11:in `process'
/home/deploy/peatio/current/lib/daemons/amqp_daemon.rb:61:in `block (2 levels) in <top (required)>'
/home/deploy/peatio/current/vendor/bundle/ruby/2.2.0/gems/bunny-1.2.1/lib/bunny/consumer.rb:56:in `call'
/home/deploy/peatio/current/vendor/bundle/ruby/2.2.0/gems/bunny-1.2.1/lib/bunny/consumer.rb:56:in `call'
/home/deploy/peatio/current/vendor/bundle/ruby/2.2.0/gems/bunny-1.2.1/lib/bunny/channel.rb:1672:in `block in handle_frameset'
/home/deploy/peatio/current/vendor/bundle/ruby/2.2.0/gems/bunny-1.2.1/lib/bunny/consumer_work_pool.rb:84:in `call'
/home/deploy/peatio/current/vendor/bundle/ruby/2.2.0/gems/bunny-1.2.1/lib/bunny/consumer_work_pool.rb:84:in `block (2 levels) in run_loop'
/home/deploy/peatio/current/vendor/bundle/ruby/2.2.0/gems/bunny-1.2.1/lib/bunny/consumer_work_pool.rb:80:in `loop'
/home/deploy/peatio/current/vendor/bundle/ruby/2.2.0/gems/bunny-1.2.1/lib/bunny/consumer_work_pool.rb:80:in `block in run_loop'
/home/deploy/peatio/current/vendor/bundle/ruby/2.2.0/gems/bunny-1.2.1/lib/bunny/consumer_work_pool.rb:79:in `catch'
/home/deploy/peatio/current/vendor/bundle/ruby/2.2.0/gems/bunny-1.2.1/lib/bunny/consumer_work_pool.rb:79:in `run_loop'
F, [2017-12-13T07:25:58.692584 #13683] FATAL -- : /home/deploy/peatio/current/app/services/coin_rpc.rb:48:in `rescue in http_post_request'
/home/deploy/peatio/current/app/services/coin_rpc.rb:41:in `http_post_request'
/home/deploy/peatio/current/app/services/coin_rpc.rb:33:in `handle'
/home/deploy/peatio/current/app/services/coin_rpc.rb:23:in `method_missing'
/home/deploy/peatio/current/app/models/worker/deposit_coin_address.rb:11:in `process'
/home/deploy/peatio/current/lib/daemons/amqp_daemon.rb:61:in `block (2 levels) in <top (required)>'
/home/deploy/peatio/current/vendor/bundle/ruby/2.2.0/gems/bunny-1.2.1/lib/bunny/consumer.rb:56:in `call'
/home/deploy/peatio/current/vendor/bundle/ruby/2.2.0/gems/bunny-1.2.1/lib/bunny/consumer.rb:56:in `call'
/home/deploy/peatio/current/vendor/bundle/ruby/2.2.0/gems/bunny-1.2.1/lib/bunny/channel.rb:1672:in `block in handle_frameset'
/home/deploy/peatio/current/vendor/bundle/ruby/2.2.0/gems/bunny-1.2.1/lib/bunny/consumer_work_pool.rb:84:in `call'
/home/deploy/peatio/current/vendor/bundle/ruby/2.2.0/gems/bunny-1.2.1/lib/bunny/consumer_work_pool.rb:84:in `block (2 levels) in run_loop'
/home/deploy/peatio/current/vendor/bundle/ruby/2.2.0/gems/bunny-1.2.1/lib/bunny/consumer_work_pool.rb:80:in `loop'
/home/deploy/peatio/current/vendor/bundle/ruby/2.2.0/gems/bunny-1.2.1/lib/bunny/consumer_work_pool.rb:80:in `block in run_loop'
/home/deploy/peatio/current/vendor/bundle/ruby/2.2.0/gems/bunny-1.2.1/lib/bunny/consumer_work_pool.rb:79:in `catch'
/home/deploy/peatio/current/vendor/bundle/ruby/2.2.0/gems/bunny-1.2.1/lib/bunny/consumer_work_pool.rb:79:in `run_loop'
