websocket_api.rb: process with pid 13656 started.
I, [2017-12-11T17:25:32.106745 #13656]  INFO -- : Connected to AMQP broker.
E, [2017-12-11T17:25:32.107364 #13656] ERROR -- : Error: no acceptor (port is in use or requires root privileges)
E, [2017-12-11T17:25:32.107461 #13656] ERROR -- : /home/deploy/peatio/current/vendor/bundle/ruby/2.2.0/gems/eventmachine-1.0.4/lib/eventmachine.rb:526:in `start_tcp_server'
/home/deploy/peatio/current/vendor/bundle/ruby/2.2.0/gems/eventmachine-1.0.4/lib/eventmachine.rb:526:in `start_server'
/home/deploy/peatio/current/vendor/bundle/ruby/2.2.0/gems/em-websocket-0.5.1/lib/em-websocket/websocket.rb:46:in `run'
/home/deploy/peatio/current/lib/daemons/websocket_api.rb:45:in `block in <top (required)>'
/home/deploy/peatio/current/vendor/bundle/ruby/2.2.0/gems/eventmachine-1.0.4/lib/eventmachine.rb:187:in `call'
/home/deploy/peatio/current/vendor/bundle/ruby/2.2.0/gems/eventmachine-1.0.4/lib/eventmachine.rb:187:in `run_machine'
/home/deploy/peatio/current/vendor/bundle/ruby/2.2.0/gems/eventmachine-1.0.4/lib/eventmachine.rb:187:in `run'
/home/deploy/peatio/current/lib/daemons/websocket_api.rb:29:in `<top (required)>'
/home/deploy/peatio/current/vendor/bundle/ruby/2.2.0/gems/daemons-1.1.9/lib/daemons/application.rb:203:in `load'
/home/deploy/peatio/current/vendor/bundle/ruby/2.2.0/gems/daemons-1.1.9/lib/daemons/application.rb:203:in `start_load'
/home/deploy/peatio/current/vendor/bundle/ruby/2.2.0/gems/daemons-1.1.9/lib/daemons/application.rb:298:in `start'
/home/deploy/peatio/current/vendor/bundle/ruby/2.2.0/gems/daemons-1.1.9/lib/daemons/controller.rb:70:in `run'
/home/deploy/peatio/current/vendor/bundle/ruby/2.2.0/gems/daemons-1.1.9/lib/daemons.rb:147:in `block in run'
/home/deploy/peatio/current/vendor/bundle/ruby/2.2.0/gems/daemons-1.1.9/lib/daemons/cmdline.rb:109:in `call'
/home/deploy/peatio/current/vendor/bundle/ruby/2.2.0/gems/daemons-1.1.9/lib/daemons/cmdline.rb:109:in `catch_exceptions'
/home/deploy/peatio/current/vendor/bundle/ruby/2.2.0/gems/daemons-1.1.9/lib/daemons.rb:146:in `run'
/home/deploy/peatio/current/vendor/bundle/ruby/2.2.0/gems/daemons-rails-1.2.1/lib/daemons/rails.rb:16:in `run'
lib/daemons/websocket_api_ctl:6:in `<main>'
